[I 2024-06-16 20:39:20,862] A new study created in memory with name: Study - lr(0.5) hds(25) bs(1) - 20240616T203920
20240616T203920
[I 2024-06-16 20:39:33,326] Trial 0 finished with values: [0.10024242424242424, 0.1821900300334033] and parameters: {'weight_decay': 0.04118720763677767}. 
[I 2024-06-16 20:39:44,570] Trial 1 finished with values: [0.11357575757575758, 0.2032094316768569] and parameters: {'weight_decay': 0.001047307946677191}. 
[I 2024-06-16 20:39:55,880] Trial 2 finished with values: [0.10024242424242424, 0.1821900300334033] and parameters: {'weight_decay': 2.2383813547764494e-05}. 
[I 2024-06-16 20:40:07,255] Trial 3 finished with values: [0.11090909090909089, 0.19829299459692082] and parameters: {'weight_decay': 2.4547932703375272e-05}. 
[I 2024-06-16 20:40:18,377] Trial 4 finished with values: [0.17733333333333332, 0.3422086503114452] and parameters: {'weight_decay': 0.0005101434871848564}. 
[I 2024-06-16 20:40:18,379] A new study created in memory with name: Study - lr(0.5) hds(25) bs(10) - 20240616T203920
[I 2024-06-16 20:40:20,562] Trial 0 finished with values: [0.13272727272727275, 0.3025342933099375] and parameters: {'weight_decay': 0.03234999293346712}. 
[I 2024-06-16 20:40:22,545] Trial 1 finished with values: [0.09806060606060607, 0.1785636774389892] and parameters: {'weight_decay': 0.0007732756428533745}. 
[I 2024-06-16 20:40:24,635] Trial 2 finished with values: [0.15345454545454545, 0.3592242953746448] and parameters: {'weight_decay': 0.016776769221247444}. 
[I 2024-06-16 20:40:26,763] Trial 3 finished with values: [0.09806060606060607, 0.1785636774389892] and parameters: {'weight_decay': 0.0037450109341004567}. 
[I 2024-06-16 20:40:28,733] Trial 4 finished with values: [0.09806060606060607, 0.1785636774389892] and parameters: {'weight_decay': 1.7631068230670047e-05}. 
[I 2024-06-16 20:40:28,735] A new study created in memory with name: Study - lr(0.5) hds(25) bs(50) - 20240616T203920
[I 2024-06-16 20:40:29,569] Trial 0 finished with values: [0.0936969696969697, 0.15362568903091373] and parameters: {'weight_decay': 0.0013703145121037059}. 
[I 2024-06-16 20:40:30,401] Trial 1 finished with values: [0.2735757575757576, 0.2860006777214319] and parameters: {'weight_decay': 0.0017376852040019567}. 
[I 2024-06-16 20:40:31,246] Trial 2 finished with values: [0.1730909090909091, 0.23710639965270147] and parameters: {'weight_decay': 0.00796052883311132}. 
[I 2024-06-16 20:40:32,097] Trial 3 finished with values: [0.2349090909090909, 0.30413560376196913] and parameters: {'weight_decay': 0.06652236880089604}. 
[I 2024-06-16 20:40:32,973] Trial 4 finished with values: [0.17648484848484852, 0.2518401873796944] and parameters: {'weight_decay': 0.022291353440430657}. 
[I 2024-06-16 20:40:32,975] A new study created in memory with name: Study - lr(0.5) hds(25) bs(3350) - 20240616T203920
[I 2024-06-16 20:40:33,501] Trial 0 finished with values: [0.271030303030303, 0.23409204524699317] and parameters: {'weight_decay': 2.083184060997078e-05}. 
[I 2024-06-16 20:40:33,991] Trial 1 finished with values: [0.308969696969697, 0.26225771811229126] and parameters: {'weight_decay': 0.00668939124709415}. 
[I 2024-06-16 20:40:34,440] Trial 2 finished with values: [0.2313939393939394, 0.22120745523679722] and parameters: {'weight_decay': 0.006020596582644404}. 
[I 2024-06-16 20:40:34,909] Trial 3 finished with values: [0.3290909090909091, 0.2841431795781334] and parameters: {'weight_decay': 0.0005607193370155636}. 
[I 2024-06-16 20:40:35,520] Trial 4 finished with values: [0.2758787878787879, 0.2462163611875523] and parameters: {'weight_decay': 0.0022894564065187636}. 
[I 2024-06-16 20:40:35,522] A new study created in memory with name: Study - lr(0.5) hds(50) bs(1) - 20240616T203920
{'best_accuracy': 0.3290909090909091, 'best_f1': 0.2841431795781334}
[I 2024-06-16 20:41:34,029] Trial 0 finished with values: [0.1755151515151515, 0.35867673837774666] and parameters: {'weight_decay': 0.0002934574421012424}. 
[I 2024-06-16 20:42:31,743] Trial 1 finished with values: [0.10024242424242424, 0.1821900300334033] and parameters: {'weight_decay': 0.00259986338039226}. 
[I 2024-06-16 20:43:28,935] Trial 2 finished with values: [0.10315151515151515, 0.19211290347200755] and parameters: {'weight_decay': 0.016816111217059847}. 
[I 2024-06-16 20:44:25,469] Trial 3 finished with values: [0.10024242424242424, 0.16356376945132206] and parameters: {'weight_decay': 0.0003051996091077172}. 
[I 2024-06-16 20:45:21,970] Trial 4 finished with values: [0.1189090909090909, 0.19262915780928563] and parameters: {'weight_decay': 0.002198576153963446}. 
[I 2024-06-16 20:45:21,973] A new study created in memory with name: Study - lr(0.5) hds(50) bs(10) - 20240616T203920
[I 2024-06-16 20:45:24,161] Trial 0 finished with values: [0.15757575757575756, 0.37092427744261847] and parameters: {'weight_decay': 2.0599229356322892e-05}. 
[I 2024-06-16 20:45:26,389] Trial 1 finished with values: [0.09806060606060607, 0.1785636774389892] and parameters: {'weight_decay': 0.0019165544664511336}. 
[I 2024-06-16 20:45:28,587] Trial 2 finished with values: [0.11709090909090909, 0.20833619664564895] and parameters: {'weight_decay': 0.0015604516208848772}. 
[I 2024-06-16 20:45:30,777] Trial 3 finished with values: [0.09806060606060607, 0.1785636774389892] and parameters: {'weight_decay': 0.0001712992598442715}. 
[I 2024-06-16 20:45:32,980] Trial 4 finished with values: [0.13478787878787876, 0.24139591331379978] and parameters: {'weight_decay': 4.406358018545262e-05}. 
[I 2024-06-16 20:45:32,983] A new study created in memory with name: Study - lr(0.5) hds(50) bs(50) - 20240616T203920
[I 2024-06-16 20:45:33,932] Trial 0 finished with values: [0.24775757575757576, 0.3101860627594283] and parameters: {'weight_decay': 0.002893532099079742}. 
[I 2024-06-16 20:45:34,783] Trial 1 finished with values: [0.21951515151515152, 0.34415933888701594] and parameters: {'weight_decay': 0.0009350981471079225}. 
[I 2024-06-16 20:45:35,641] Trial 2 finished with values: [0.29078787878787876, 0.3163442939678941] and parameters: {'weight_decay': 0.015482053380610367}. 
[I 2024-06-16 20:45:36,513] Trial 3 finished with values: [0.2204848484848485, 0.2684905286053807] and parameters: {'weight_decay': 0.00020828533213934023}. 
[I 2024-06-16 20:45:37,368] Trial 4 finished with values: [0.27054545454545453, 0.37606520704759794] and parameters: {'weight_decay': 1.3538348893950577e-05}. 
[I 2024-06-16 20:45:37,370] A new study created in memory with name: Study - lr(0.5) hds(50) bs(3350) - 20240616T203920
[I 2024-06-16 20:45:37,872] Trial 0 finished with values: [0.3284848484848485, 0.30810532226430787] and parameters: {'weight_decay': 0.07633474895077365}. 
[I 2024-06-16 20:45:38,375] Trial 1 finished with values: [0.23878787878787877, 0.25258782200635066] and parameters: {'weight_decay': 0.06751674655584088}. 
[I 2024-06-16 20:45:38,871] Trial 2 finished with values: [0.27672727272727277, 0.27215437840411594] and parameters: {'weight_decay': 5.05047750744661e-05}. 
[I 2024-06-16 20:45:39,372] Trial 3 finished with values: [0.32315151515151513, 0.3117600374767678] and parameters: {'weight_decay': 0.0022231524795648322}. 
[I 2024-06-16 20:45:39,925] Trial 4 finished with values: [0.3808484848484849, 0.3345312636103176] and parameters: {'weight_decay': 0.026193665075324335}. 
[I 2024-06-16 20:45:39,927] A new study created in memory with name: Study - lr(0.5) hds(100) bs(1) - 20240616T203920
{'best_accuracy': 0.3808484848484849, 'best_f1': 0.3345312636103176}
[I 2024-06-16 20:46:25,804] Trial 0 finished with values: [0.10024242424242424, 0.1821900300334033] and parameters: {'weight_decay': 0.09306156844568043}. 
[I 2024-06-16 20:47:09,441] Trial 1 finished with values: [0.17163636363636364, 0.21063575702921492] and parameters: {'weight_decay': 0.00014845970782264708}. 
[I 2024-06-16 20:47:52,943] Trial 2 finished with values: [0.1373333333333333, 0.2369862149568688] and parameters: {'weight_decay': 0.0018966326608392473}. 
[I 2024-06-16 20:48:36,960] Trial 3 finished with values: [0.10836363636363636, 0.1680913969292584] and parameters: {'weight_decay': 0.006767012164151339}. 
[I 2024-06-16 20:49:20,720] Trial 4 finished with values: [0.10024242424242424, 0.1821900300334033] and parameters: {'weight_decay': 0.009879658245829644}. 
[I 2024-06-16 20:49:20,723] A new study created in memory with name: Study - lr(0.5) hds(100) bs(10) - 20240616T203920
[I 2024-06-16 20:49:23,112] Trial 0 finished with values: [0.1484848484848485, 0.22139684442485225] and parameters: {'weight_decay': 0.0003216419174021535}. 
[I 2024-06-16 20:49:25,352] Trial 1 finished with values: [0.0993939393939394, 0.1807468366548189] and parameters: {'weight_decay': 3.168845781356739e-05}. 
[I 2024-06-16 20:49:27,688] Trial 2 finished with values: [0.09684848484848484, 0.1765595177629232] and parameters: {'weight_decay': 1.8006017107080103e-05}. 
[I 2024-06-16 20:49:29,943] Trial 3 finished with values: [0.1353939393939394, 0.21513304221030757] and parameters: {'weight_decay': 0.010238856901833609}. 
[I 2024-06-16 20:49:32,152] Trial 4 finished with values: [0.0983030303030303, 0.16318416168145475] and parameters: {'weight_decay': 0.0007880477999953449}. 
[I 2024-06-16 20:49:32,154] A new study created in memory with name: Study - lr(0.5) hds(100) bs(50) - 20240616T203920
[I 2024-06-16 20:49:33,052] Trial 0 finished with values: [0.292, 0.34890554526621853] and parameters: {'weight_decay': 9.005737300176565e-05}. 
[I 2024-06-16 20:49:33,953] Trial 1 finished with values: [0.2255757575757576, 0.2575599455253819] and parameters: {'weight_decay': 0.009590092756624194}. 
[I 2024-06-16 20:49:34,879] Trial 2 finished with values: [0.2538181818181818, 0.3781757515558478] and parameters: {'weight_decay': 0.0003370236997228294}. 
[I 2024-06-16 20:49:35,776] Trial 3 finished with values: [0.29939393939393943, 0.3605112888018806] and parameters: {'weight_decay': 0.02554143966211277}. 
[I 2024-06-16 20:49:36,675] Trial 4 finished with values: [0.17636363636363636, 0.3262255525121425] and parameters: {'weight_decay': 7.556618968730448e-05}. 
[I 2024-06-16 20:49:36,677] A new study created in memory with name: Study - lr(0.5) hds(100) bs(3350) - 20240616T203920
[I 2024-06-16 20:49:37,179] Trial 0 finished with values: [0.32703030303030306, 0.354558457228887] and parameters: {'weight_decay': 0.04631698623247002}. 
[I 2024-06-16 20:49:37,915] Trial 1 finished with values: [0.36024242424242425, 0.4228829491202819] and parameters: {'weight_decay': 0.00010982125523202275}. 
[I 2024-06-16 20:49:38,428] Trial 2 finished with values: [0.3294545454545455, 0.3485888864043441] and parameters: {'weight_decay': 0.0016895021201652764}. 
[I 2024-06-16 20:49:38,937] Trial 3 finished with values: [0.23345454545454544, 0.2603898583309996] and parameters: {'weight_decay': 0.09642497846266365}. 
[I 2024-06-16 20:49:39,446] Trial 4 finished with values: [0.292, 0.26858397500789205] and parameters: {'weight_decay': 0.005871159974114596}. 
[I 2024-06-16 20:49:39,448] A new study created in memory with name: Study - lr(1) hds(25) bs(1) - 20240616T203920
{'best_accuracy': 0.36024242424242425, 'best_f1': 0.4228829491202819}
[I 2024-06-16 20:49:50,861] Trial 0 finished with values: [0.10024242424242424, 0.1821900300334033] and parameters: {'weight_decay': 0.0007783160715267844}. 
[I 2024-06-16 20:50:02,054] Trial 1 finished with values: [0.10036363636363636, 0.16428270096596367] and parameters: {'weight_decay': 0.0024658551956474465}. 
[I 2024-06-16 20:50:12,735] Trial 2 finished with values: [0.14096969696969697, 0.25612751387666666] and parameters: {'weight_decay': 0.0017574742397159734}. 
[I 2024-06-16 20:50:25,003] Trial 3 finished with values: [0.10024242424242424, 0.1821900300334033] and parameters: {'weight_decay': 0.03879824652651449}. 
[I 2024-06-16 20:50:37,052] Trial 4 finished with values: [0.10024242424242424, 0.1821900300334033] and parameters: {'weight_decay': 0.01414940309104428}. 
[I 2024-06-16 20:50:37,054] A new study created in memory with name: Study - lr(1) hds(25) bs(10) - 20240616T203920
[I 2024-06-16 20:50:39,130] Trial 0 finished with values: [0.09806060606060607, 0.1785636774389892] and parameters: {'weight_decay': 0.00013843447429512666}. 
[I 2024-06-16 20:50:41,148] Trial 1 finished with values: [0.10557575757575759, 0.19196356474252055] and parameters: {'weight_decay': 7.386440656406508e-05}. 
[I 2024-06-16 20:50:43,095] Trial 2 finished with values: [0.16109090909090912, 0.3089850286171656] and parameters: {'weight_decay': 0.00044418904304525844}. 
[I 2024-06-16 20:50:45,064] Trial 3 finished with values: [0.11321212121212121, 0.16049446539232268] and parameters: {'weight_decay': 0.0012151859341464797}. 
[I 2024-06-16 20:50:47,035] Trial 4 finished with values: [0.15903030303030302, 0.22412251126396038] and parameters: {'weight_decay': 0.00043054096428384774}. 
[I 2024-06-16 20:50:47,037] A new study created in memory with name: Study - lr(1) hds(25) bs(50) - 20240616T203920
[I 2024-06-16 20:50:47,989] Trial 0 finished with values: [0.0936969696969697, 0.17131097225016098] and parameters: {'weight_decay': 0.014967361763773916}. 
[I 2024-06-16 20:50:48,802] Trial 1 finished with values: [0.1303030303030303, 0.2833272593228666] and parameters: {'weight_decay': 0.0006513818913349456}. 
[I 2024-06-16 20:50:49,613] Trial 2 finished with values: [0.096, 0.17513668568164897] and parameters: {'weight_decay': 3.714638657270597e-05}. 
[I 2024-06-16 20:50:50,429] Trial 3 finished with values: [0.096, 0.17513668568164897] and parameters: {'weight_decay': 0.005696070541526542}. 
[I 2024-06-16 20:50:51,243] Trial 4 finished with values: [0.14824242424242426, 0.276032820736321] and parameters: {'weight_decay': 0.0001961228945191076}. 
[I 2024-06-16 20:50:51,245] A new study created in memory with name: Study - lr(1) hds(25) bs(3350) - 20240616T203920
[I 2024-06-16 20:50:51,733] Trial 0 finished with values: [0.28593939393939394, 0.24661128146517514] and parameters: {'weight_decay': 0.023238273940662947}. 
[I 2024-06-16 20:50:52,221] Trial 1 finished with values: [0.3363636363636363, 0.31777826904407713] and parameters: {'weight_decay': 0.0007808061293969605}. 
[I 2024-06-16 20:50:52,697] Trial 2 finished with values: [0.2843636363636364, 0.29968030756325564] and parameters: {'weight_decay': 0.0028292255863570266}. 
[I 2024-06-16 20:50:53,168] Trial 3 finished with values: [0.20993939393939393, 0.27541404915721357] and parameters: {'weight_decay': 0.000577647408338949}. 
[I 2024-06-16 20:50:53,907] Trial 4 finished with values: [0.23939393939393935, 0.22213754695695717] and parameters: {'weight_decay': 0.00018797372427545577}. 
[I 2024-06-16 20:50:53,909] A new study created in memory with name: Study - lr(1) hds(50) bs(1) - 20240616T203920
{'best_accuracy': 0.3363636363636363, 'best_f1': 0.31777826904407713}
[I 2024-06-16 20:51:51,132] Trial 0 finished with values: [0.10024242424242424, 0.1821900300334033] and parameters: {'weight_decay': 0.007143889315278183}. 
[I 2024-06-16 20:52:47,399] Trial 1 finished with values: [0.10024242424242424, 0.1821900300334033] and parameters: {'weight_decay': 0.0006151487905519281}. 
[I 2024-06-16 20:53:44,210] Trial 2 finished with values: [0.10024242424242424, 0.1821900300334033] and parameters: {'weight_decay': 0.00037322893171288824}. 
[I 2024-06-16 20:54:40,493] Trial 3 finished with values: [0.10024242424242424, 0.1821900300334033] and parameters: {'weight_decay': 0.0050414410212984585}. 
[I 2024-06-16 20:55:37,107] Trial 4 finished with values: [0.10024242424242424, 0.1821900300334033] and parameters: {'weight_decay': 0.008301427772854308}. 
[I 2024-06-16 20:55:37,109] A new study created in memory with name: Study - lr(1) hds(50) bs(10) - 20240616T203920
[I 2024-06-16 20:55:39,171] Trial 0 finished with values: [0.10145454545454546, 0.14744988503669992] and parameters: {'weight_decay': 2.72885594454528e-05}. 
[I 2024-06-16 20:55:41,206] Trial 1 finished with values: [0.10206060606060605, 0.1607735678438924] and parameters: {'weight_decay': 4.169573802924766e-05}. 
[I 2024-06-16 20:55:43,270] Trial 2 finished with values: [0.09806060606060607, 0.1785636774389892] and parameters: {'weight_decay': 0.0003691196642468856}. 
[I 2024-06-16 20:55:45,329] Trial 3 finished with values: [0.11212121212121211, 0.17116867273162525] and parameters: {'weight_decay': 5.304695449403078e-05}. 
[I 2024-06-16 20:55:47,385] Trial 4 finished with values: [0.14254545454545456, 0.2414465094089188] and parameters: {'weight_decay': 0.00010280538234547646}. 
[I 2024-06-16 20:55:47,386] A new study created in memory with name: Study - lr(1) hds(50) bs(50) - 20240616T203920
[I 2024-06-16 20:55:48,203] Trial 0 finished with values: [0.09818181818181818, 0.17876303827606307] and parameters: {'weight_decay': 2.217107994833501e-05}. 
[I 2024-06-16 20:55:49,020] Trial 1 finished with values: [0.1601212121212121, 0.2831042246471644] and parameters: {'weight_decay': 0.01745680984748359}. 
[I 2024-06-16 20:55:49,828] Trial 2 finished with values: [0.09842424242424244, 0.17916175995021083] and parameters: {'weight_decay': 0.00017708467284121304}. 
[I 2024-06-16 20:55:50,625] Trial 3 finished with values: [0.12715151515151515, 0.2484365447110366] and parameters: {'weight_decay': 0.0043196681056410354}. 
[I 2024-06-16 20:55:51,422] Trial 4 finished with values: [0.1764848484848485, 0.39761995925220506] and parameters: {'weight_decay': 1.2914770181606937e-05}. 
[I 2024-06-16 20:55:51,424] A new study created in memory with name: Study - lr(1) hds(50) bs(3350) - 20240616T203920
[I 2024-06-16 20:55:51,888] Trial 0 finished with values: [0.2767272727272727, 0.3192395391359136] and parameters: {'weight_decay': 0.002214868718757194}. 
[I 2024-06-16 20:55:52,349] Trial 1 finished with values: [0.2284848484848485, 0.26338593392586096] and parameters: {'weight_decay': 0.017258620099021404}. 
[I 2024-06-16 20:55:52,807] Trial 2 finished with values: [0.20218181818181816, 0.19219448337679154] and parameters: {'weight_decay': 3.087231235792246e-05}. 
[I 2024-06-16 20:55:53,259] Trial 3 finished with values: [0.21200000000000002, 0.2972343061567354] and parameters: {'weight_decay': 7.549078880182609e-05}. 
[I 2024-06-16 20:55:53,715] Trial 4 finished with values: [0.2233939393939394, 0.2324550950858625] and parameters: {'weight_decay': 0.0016069719239542209}. 
[I 2024-06-16 20:55:53,717] A new study created in memory with name: Study - lr(1) hds(100) bs(1) - 20240616T203920
{'best_accuracy': 0.2767272727272727, 'best_f1': 0.3192395391359136}
[I 2024-06-16 20:56:37,993] Trial 0 finished with values: [0.13187878787878787, 0.21388657083687918] and parameters: {'weight_decay': 0.0008997542737816497}. 
[I 2024-06-16 20:57:22,856] Trial 1 finished with values: [0.10036363636363636, 0.16633283072834806] and parameters: {'weight_decay': 0.03577368876333392}. 
[I 2024-06-16 20:58:06,402] Trial 2 finished with values: [0.1441212121212121, 0.14611148424487902] and parameters: {'weight_decay': 2.9206778470000574e-05}. 
[I 2024-06-16 20:58:51,220] Trial 3 finished with values: [0.10024242424242424, 0.1821900300334033] and parameters: {'weight_decay': 0.06329005637469934}. 
[I 2024-06-16 20:59:35,431] Trial 4 finished with values: [0.10024242424242424, 0.1821900300334033] and parameters: {'weight_decay': 0.014099546621835284}. 
[I 2024-06-16 20:59:35,434] A new study created in memory with name: Study - lr(1) hds(100) bs(10) - 20240616T203920
[I 2024-06-16 20:59:37,827] Trial 0 finished with values: [0.1092121212121212, 0.18735766292561679] and parameters: {'weight_decay': 0.01951285768867736}. 
[I 2024-06-16 20:59:40,240] Trial 1 finished with values: [0.10266666666666666, 0.18621510430196517] and parameters: {'weight_decay': 1.7768670500312658e-05}. 
[I 2024-06-16 20:59:42,422] Trial 2 finished with values: [0.14375757575757578, 0.21526791522455113] and parameters: {'weight_decay': 0.0018332584514643882}. 
[I 2024-06-16 20:59:44,642] Trial 3 finished with values: [0.09806060606060607, 0.1785636774389892] and parameters: {'weight_decay': 0.030217786253535953}. 
[I 2024-06-16 20:59:46,823] Trial 4 finished with values: [0.12254545454545455, 0.20836474175464975] and parameters: {'weight_decay': 0.0003879480558173875}. 
[I 2024-06-16 20:59:46,824] A new study created in memory with name: Study - lr(1) hds(100) bs(50) - 20240616T203920
[I 2024-06-16 20:59:47,703] Trial 0 finished with values: [0.16993939393939395, 0.3017854458167962] and parameters: {'weight_decay': 0.0003459750835234506}. 
[I 2024-06-16 20:59:48,567] Trial 1 finished with values: [0.1467878787878788, 0.36448986205181066] and parameters: {'weight_decay': 2.1045528426110838e-05}. 
[I 2024-06-16 20:59:49,429] Trial 2 finished with values: [0.1583030303030303, 0.3271623960825681] and parameters: {'weight_decay': 0.001610559262327141}. 
[I 2024-06-16 20:59:50,297] Trial 3 finished with values: [0.09818181818181818, 0.17876303827606307] and parameters: {'weight_decay': 2.1263585049834072e-05}. 
[I 2024-06-16 20:59:51,172] Trial 4 finished with values: [0.1709090909090909, 0.2645772106608025] and parameters: {'weight_decay': 0.009912826636502342}. 
[I 2024-06-16 20:59:51,174] A new study created in memory with name: Study - lr(1) hds(100) bs(3350) - 20240616T203920
[I 2024-06-16 20:59:51,645] Trial 0 finished with values: [0.12072727272727272, 0.14886975750472117] and parameters: {'weight_decay': 0.00011634243351628275}. 
[I 2024-06-16 20:59:52,447] Trial 1 finished with values: [0.14375757575757575, 0.18484566125611424] and parameters: {'weight_decay': 0.005096279258441051}. 
[I 2024-06-16 20:59:52,993] Trial 2 finished with values: [0.1915151515151515, 0.2825529021790057] and parameters: {'weight_decay': 1.8207234836318225e-05}. 
[I 2024-06-16 20:59:53,507] Trial 3 finished with values: [0.17163636363636364, 0.23857515144188754] and parameters: {'weight_decay': 0.00023350103959112443}. 
