[I 2024-06-16 20:59:54,028] Trial 4 finished with values: [0.1638787878787879, 0.22871435250880676] and parameters: {'weight_decay': 0.0003397966946849055}. 
[I 2024-06-16 20:59:54,030] A new study created in memory with name: Study - lr(10) hds(25) bs(1) - 20240616T203920
{'best_accuracy': 0.1915151515151515, 'best_f1': 0.2825529021790057}
[I 2024-06-16 21:00:04,836] Trial 0 finished with values: [0.1421818181818182, 0.24303666662373002] and parameters: {'weight_decay': 5.5223639061066696e-05}. 
[I 2024-06-16 21:00:16,419] Trial 1 finished with values: [0.11515151515151516, 0.24818099002977628] and parameters: {'weight_decay': 5.253636123432095e-05}. 
[I 2024-06-16 21:00:27,568] Trial 2 finished with values: [0.10024242424242424, 0.1821900300334033] and parameters: {'weight_decay': 0.0011202980680410876}. 
[I 2024-06-16 21:00:38,557] Trial 3 finished with values: [0.10024242424242424, 0.1821900300334033] and parameters: {'weight_decay': 6.020171164163256e-05}. 
[I 2024-06-16 21:00:49,839] Trial 4 finished with values: [0.10024242424242424, 0.1821900300334033] and parameters: {'weight_decay': 1.1227809764933217e-05}. 
[I 2024-06-16 21:00:49,841] A new study created in memory with name: Study - lr(10) hds(25) bs(10) - 20240616T203920
[I 2024-06-16 21:00:51,956] Trial 0 finished with values: [0.10036363636363636, 0.18238939087047717] and parameters: {'weight_decay': 0.0319631754222649}. 
[I 2024-06-16 21:00:53,912] Trial 1 finished with values: [0.10690909090909091, 0.20986482053594718] and parameters: {'weight_decay': 5.010467956853738e-05}. 
[I 2024-06-16 21:00:55,939] Trial 2 finished with values: [0.09842424242424241, 0.17916576375024507] and parameters: {'weight_decay': 0.008218969561580572}. 
[I 2024-06-16 21:00:57,869] Trial 3 finished with values: [0.09793939393939395, 0.17833995150457094] and parameters: {'weight_decay': 0.00039709386455626404}. 
[I 2024-06-16 21:00:59,967] Trial 4 finished with values: [0.1229090909090909, 0.21700113223501485] and parameters: {'weight_decay': 0.002204775203045713}. 
[I 2024-06-16 21:00:59,969] A new study created in memory with name: Study - lr(10) hds(25) bs(50) - 20240616T203920
[I 2024-06-16 21:01:00,812] Trial 0 finished with values: [0.09248484848484849, 0.15741049071887175] and parameters: {'weight_decay': 0.0015035443694034751}. 
[I 2024-06-16 21:01:01,696] Trial 1 finished with values: [0.096, 0.17513668568164897] and parameters: {'weight_decay': 0.08681640362198616}. 
[I 2024-06-16 21:01:02,536] Trial 2 finished with values: [0.09854545454545455, 0.17936512458731896] and parameters: {'weight_decay': 0.023739578364371704}. 
[I 2024-06-16 21:01:03,371] Trial 3 finished with values: [0.09612121212121212, 0.17534005031875707] and parameters: {'weight_decay': 0.06687034056292969}. 
[I 2024-06-16 21:01:04,173] Trial 4 finished with values: [0.10496969696969698, 0.1370950569334371] and parameters: {'weight_decay': 0.00012720176745796344}. 
[I 2024-06-16 21:01:04,175] A new study created in memory with name: Study - lr(10) hds(25) bs(3350) - 20240616T203920
[I 2024-06-16 21:01:04,628] Trial 0 finished with values: [0.10824242424242425, 0.1444307085204748] and parameters: {'weight_decay': 5.204506783168609e-05}. 
[I 2024-06-16 21:01:05,075] Trial 1 finished with values: [0.09357575757575756, 0.15095613963917986] and parameters: {'weight_decay': 0.0020647444272411286}. 
[I 2024-06-16 21:01:05,521] Trial 2 finished with values: [0.1267878787878788, 0.21640845702377787] and parameters: {'weight_decay': 0.00021910770889163998}. 
[I 2024-06-16 21:01:06,146] Trial 3 finished with values: [0.10496969696969698, 0.15009937971014758] and parameters: {'weight_decay': 0.0388067072950928}. 
[I 2024-06-16 21:01:06,597] Trial 4 finished with values: [0.10557575757575757, 0.18528322570420142] and parameters: {'weight_decay': 0.012271633333643906}. 
[I 2024-06-16 21:01:06,598] A new study created in memory with name: Study - lr(10) hds(50) bs(1) - 20240616T203920
{'best_accuracy': 0.1267878787878788, 'best_f1': 0.21640845702377787}
[I 2024-06-16 21:02:04,027] Trial 0 finished with values: [0.10024242424242424, 0.1821900300334033] and parameters: {'weight_decay': 8.993011040890976e-05}. 
[I 2024-06-16 21:03:01,548] Trial 1 finished with values: [0.10024242424242424, 0.1821900300334033] and parameters: {'weight_decay': 0.009255569039695662}. 
[I 2024-06-16 21:03:58,564] Trial 2 finished with values: [0.10024242424242424, 0.1821900300334033] and parameters: {'weight_decay': 0.0019943619040779306}. 
[I 2024-06-16 21:04:55,169] Trial 3 finished with values: [0.10024242424242424, 0.1821900300334033] and parameters: {'weight_decay': 0.0004951765395472209}. 
[I 2024-06-16 21:05:52,697] Trial 4 finished with values: [0.10024242424242424, 0.1821900300334033] and parameters: {'weight_decay': 0.02518895990090152}. 
[I 2024-06-16 21:05:52,699] A new study created in memory with name: Study - lr(10) hds(50) bs(10) - 20240616T203920
[I 2024-06-16 21:05:54,861] Trial 0 finished with values: [0.09915151515151514, 0.1803852311944112] and parameters: {'weight_decay': 0.0009615240498092949}. 
[I 2024-06-16 21:05:56,985] Trial 1 finished with values: [0.24593939393939396, 0.39400565855281205] and parameters: {'weight_decay': 0.00010576677548436516}. 
[I 2024-06-16 21:05:59,259] Trial 2 finished with values: [0.09830303030303031, 0.17896239911313697] and parameters: {'weight_decay': 0.017769291103179055}. 
[I 2024-06-16 21:06:01,441] Trial 3 finished with values: [0.1136969696969697, 0.1664221569455208] and parameters: {'weight_decay': 2.8094945426954744e-05}. 
[I 2024-06-16 21:06:03,580] Trial 4 finished with values: [0.10290909090909091, 0.16472980249964367] and parameters: {'weight_decay': 2.525356892333653e-05}. 
[I 2024-06-16 21:06:03,582] A new study created in memory with name: Study - lr(10) hds(50) bs(50) - 20240616T203920
[I 2024-06-16 21:06:04,405] Trial 0 finished with values: [0.11333333333333336, 0.1995154117520379] and parameters: {'weight_decay': 0.005519343795144175}. 
[I 2024-06-16 21:06:05,216] Trial 1 finished with values: [0.0976969696969697, 0.17797834604416324] and parameters: {'weight_decay': 0.016553278011865277}. 
[I 2024-06-16 21:06:06,020] Trial 2 finished with values: [0.11151515151515153, 0.21495522098868358] and parameters: {'weight_decay': 1.8153386202205575e-05}. 
[I 2024-06-16 21:06:06,837] Trial 3 finished with values: [0.08993939393939394, 0.1551519815364856] and parameters: {'weight_decay': 0.07272866703608219}. 
[I 2024-06-16 21:06:07,651] Trial 4 finished with values: [0.1490909090909091, 0.30366885817523837] and parameters: {'weight_decay': 1.4900746556096461e-05}. 
[I 2024-06-16 21:06:07,653] A new study created in memory with name: Study - lr(10) hds(50) bs(3350) - 20240616T203920
[I 2024-06-16 21:06:08,115] Trial 0 finished with values: [0.11939393939393939, 0.2057273778989102] and parameters: {'weight_decay': 0.001038725439779522}. 
[I 2024-06-16 21:06:08,569] Trial 1 finished with values: [0.09830303030303031, 0.1272945712624611] and parameters: {'weight_decay': 0.002318334529011195}. 
[I 2024-06-16 21:06:09,021] Trial 2 finished with values: [0.09636363636363635, 0.15173808671510636] and parameters: {'weight_decay': 0.011248671676285163}. 
[I 2024-06-16 21:06:09,473] Trial 3 finished with values: [0.10060606060606062, 0.12471711252121218] and parameters: {'weight_decay': 7.103339955960297e-05}. 
[I 2024-06-16 21:06:10,075] Trial 4 finished with values: [0.09963636363636362, 0.16393455780436222] and parameters: {'weight_decay': 0.0001880399966414174}. 
[I 2024-06-16 21:06:10,077] A new study created in memory with name: Study - lr(10) hds(100) bs(1) - 20240616T203920
{'best_accuracy': 0.11939393939393939, 'best_f1': 0.2057273778989102}
[I 2024-06-16 21:06:54,135] Trial 0 finished with values: [0.10024242424242424, 0.1821900300334033] and parameters: {'weight_decay': 1.6800364766707536e-05}. 
[I 2024-06-16 21:07:38,515] Trial 1 finished with values: [0.10024242424242424, 0.1821900300334033] and parameters: {'weight_decay': 0.0014677286130788142}. 
[I 2024-06-16 21:08:22,305] Trial 2 finished with values: [0.13999999999999999, 0.27437315401198087] and parameters: {'weight_decay': 2.54724312143975e-05}. 
[I 2024-06-16 21:09:07,261] Trial 3 finished with values: [0.10181818181818181, 0.16536129565410596] and parameters: {'weight_decay': 0.01596245038501966}. 
[I 2024-06-16 21:09:51,734] Trial 4 finished with values: [0.10024242424242424, 0.1821900300334033] and parameters: {'weight_decay': 0.0015909290633794552}. 
[I 2024-06-16 21:09:51,737] A new study created in memory with name: Study - lr(10) hds(100) bs(10) - 20240616T203920
[I 2024-06-16 21:09:54,051] Trial 0 finished with values: [0.10254545454545454, 0.17692139770252563] and parameters: {'weight_decay': 0.00029133682049291087}. 
[I 2024-06-16 21:09:56,368] Trial 1 finished with values: [0.096, 0.1751256134431108] and parameters: {'weight_decay': 0.005470340020104839}. 
[I 2024-06-16 21:09:58,590] Trial 2 finished with values: [0.12654545454545457, 0.24034554219193244] and parameters: {'weight_decay': 0.0004101999941017072}. 
[I 2024-06-16 21:10:00,811] Trial 3 finished with values: [0.10618181818181818, 0.18520683544271388] and parameters: {'weight_decay': 0.004994223552068654}. 
[I 2024-06-16 21:10:03,031] Trial 4 finished with values: [0.1984242424242424, 0.31783933977398104] and parameters: {'weight_decay': 1.2701876262482887e-05}. 
[I 2024-06-16 21:10:03,033] A new study created in memory with name: Study - lr(10) hds(100) bs(50) - 20240616T203920
[I 2024-06-16 21:10:03,904] Trial 0 finished with values: [0.11878787878787878, 0.22499032738483185] and parameters: {'weight_decay': 0.001566838203960994}. 
[I 2024-06-16 21:10:04,897] Trial 1 finished with values: [0.12654545454545454, 0.21703201443170078] and parameters: {'weight_decay': 0.0026365208306041703}. 
[I 2024-06-16 21:10:05,793] Trial 2 finished with values: [0.1564848484848485, 0.33937534207147213] and parameters: {'weight_decay': 2.4406728233012988e-05}. 
[I 2024-06-16 21:10:06,715] Trial 3 finished with values: [0.10121212121212123, 0.15359684869867135] and parameters: {'weight_decay': 0.00254687123886729}. 
[I 2024-06-16 21:10:07,604] Trial 4 finished with values: [0.12351515151515154, 0.21399893031707973] and parameters: {'weight_decay': 8.943580695937237e-05}. 
[I 2024-06-16 21:10:07,606] A new study created in memory with name: Study - lr(10) hds(100) bs(3350) - 20240616T203920
[I 2024-06-16 21:10:08,129] Trial 0 finished with values: [0.09963636363636363, 0.18113554858012856] and parameters: {'weight_decay': 0.07116158586305701}. 
[I 2024-06-16 21:10:08,652] Trial 1 finished with values: [0.07478787878787878, 0.10897864573066496] and parameters: {'weight_decay': 0.0003045007037335937}. 
[I 2024-06-16 21:10:09,201] Trial 2 finished with values: [0.09709090909090909, 0.14472184353966308] and parameters: {'weight_decay': 1.6206181411652306e-05}. 
[I 2024-06-16 21:10:09,711] Trial 3 finished with values: [0.13078787878787876, 0.2867559973061922] and parameters: {'weight_decay': 0.010262336844446412}. 
[I 2024-06-16 21:10:10,214] Trial 4 finished with values: [0.136969696969697, 0.19148196649098906] and parameters: {'weight_decay': 1.4854670295490357e-05}. 
{'best_accuracy': 0.13078787878787876, 'best_f1': 0.2867559973061922}